{"/Users/ammiel/free/fullstackopen/part5/bloglist-frontend/src/App.js": {"path":"/Users/ammiel/free/fullstackopen/part5/bloglist-frontend/src/App.js","statementMap":{"0":{"start":{"line":11,"column":12},"end":{"line":92,"column":1}},"1":{"start":{"line":12,"column":28},"end":{"line":12,"column":40}},"2":{"start":{"line":13,"column":26},"end":{"line":13,"column":65}},"3":{"start":{"line":14,"column":32},"end":{"line":14,"column":46}},"4":{"start":{"line":16,"column":26},"end":{"line":20,"column":16}},"5":{"start":{"line":17,"column":19},"end":{"line":17,"column":27}},"6":{"start":{"line":18,"column":4},"end":{"line":18,"column":45}},"7":{"start":{"line":18,"column":26},"end":{"line":18,"column":43}},"8":{"start":{"line":19,"column":4},"end":{"line":19,"column":21}},"9":{"start":{"line":22,"column":17},"end":{"line":27,"column":3}},"10":{"start":{"line":23,"column":4},"end":{"line":23,"column":20}},"11":{"start":{"line":24,"column":4},"end":{"line":26,"column":13}},"12":{"start":{"line":25,"column":6},"end":{"line":25,"column":23}},"13":{"start":{"line":29,"column":17},"end":{"line":32,"column":3}},"14":{"start":{"line":30,"column":4},"end":{"line":30,"column":28}},"15":{"start":{"line":31,"column":4},"end":{"line":31,"column":18}},"16":{"start":{"line":34,"column":21},"end":{"line":46,"column":3}},"17":{"start":{"line":35,"column":20},"end":{"line":39,"column":5}},"18":{"start":{"line":40,"column":4},"end":{"line":45,"column":46}},"19":{"start":{"line":43,"column":8},"end":{"line":43,"column":73}},"20":{"start":{"line":43,"column":41},"end":{"line":43,"column":70}},"21":{"start":{"line":45,"column":20},"end":{"line":45,"column":44}},"22":{"start":{"line":48,"column":2},"end":{"line":58,"column":30}},"23":{"start":{"line":49,"column":4},"end":{"line":49,"column":22}},"24":{"start":{"line":49,"column":15},"end":{"line":49,"column":22}},"25":{"start":{"line":50,"column":4},"end":{"line":57,"column":9}},"26":{"start":{"line":53,"column":8},"end":{"line":53,"column":31}},"27":{"start":{"line":56,"column":8},"end":{"line":56,"column":52}},"28":{"start":{"line":56,"column":43},"end":{"line":56,"column":52}},"29":{"start":{"line":60,"column":2},"end":{"line":62,"column":15}},"30":{"start":{"line":60,"column":13},"end":{"line":62,"column":15}},"31":{"start":{"line":64,"column":2},"end":{"line":91,"column":4}},"32":{"start":{"line":81,"column":8},"end":{"line":88,"column":10}}},"fnMap":{"0":{"name":"(anonymous_0)","decl":{"start":{"line":11,"column":12},"end":{"line":11,"column":13}},"loc":{"start":{"line":11,"column":18},"end":{"line":92,"column":1}},"line":11},"1":{"name":"(anonymous_1)","decl":{"start":{"line":16,"column":38},"end":{"line":16,"column":39}},"loc":{"start":{"line":16,"column":47},"end":{"line":20,"column":3}},"line":16},"2":{"name":"(anonymous_2)","decl":{"start":{"line":18,"column":16},"end":{"line":18,"column":17}},"loc":{"start":{"line":18,"column":26},"end":{"line":18,"column":43}},"line":18},"3":{"name":"(anonymous_3)","decl":{"start":{"line":22,"column":17},"end":{"line":22,"column":18}},"loc":{"start":{"line":22,"column":26},"end":{"line":27,"column":3}},"line":22},"4":{"name":"(anonymous_4)","decl":{"start":{"line":24,"column":15},"end":{"line":24,"column":16}},"loc":{"start":{"line":24,"column":21},"end":{"line":26,"column":5}},"line":24},"5":{"name":"(anonymous_5)","decl":{"start":{"line":29,"column":17},"end":{"line":29,"column":18}},"loc":{"start":{"line":29,"column":23},"end":{"line":32,"column":3}},"line":29},"6":{"name":"(anonymous_6)","decl":{"start":{"line":34,"column":21},"end":{"line":34,"column":22}},"loc":{"start":{"line":34,"column":31},"end":{"line":46,"column":3}},"line":34},"7":{"name":"(anonymous_7)","decl":{"start":{"line":42,"column":12},"end":{"line":42,"column":13}},"loc":{"start":{"line":42,"column":22},"end":{"line":44,"column":7}},"line":42},"8":{"name":"(anonymous_8)","decl":{"start":{"line":43,"column":34},"end":{"line":43,"column":35}},"loc":{"start":{"line":43,"column":41},"end":{"line":43,"column":70}},"line":43},"9":{"name":"(anonymous_9)","decl":{"start":{"line":45,"column":13},"end":{"line":45,"column":14}},"loc":{"start":{"line":45,"column":20},"end":{"line":45,"column":44}},"line":45},"10":{"name":"(anonymous_10)","decl":{"start":{"line":48,"column":12},"end":{"line":48,"column":13}},"loc":{"start":{"line":48,"column":18},"end":{"line":58,"column":3}},"line":48},"11":{"name":"(anonymous_11)","decl":{"start":{"line":52,"column":12},"end":{"line":52,"column":13}},"loc":{"start":{"line":52,"column":21},"end":{"line":54,"column":7}},"line":52},"12":{"name":"(anonymous_12)","decl":{"start":{"line":55,"column":13},"end":{"line":55,"column":14}},"loc":{"start":{"line":55,"column":24},"end":{"line":57,"column":7}},"line":55},"13":{"name":"(anonymous_13)","decl":{"start":{"line":80,"column":17},"end":{"line":80,"column":18}},"loc":{"start":{"line":81,"column":8},"end":{"line":88,"column":10}},"line":81}},"branchMap":{"0":{"loc":{"start":{"line":13,"column":35},"end":{"line":13,"column":64}},"type":"binary-expr","locations":[{"start":{"line":13,"column":35},"end":{"line":13,"column":56}},{"start":{"line":13,"column":60},"end":{"line":13,"column":64}}],"line":13},"1":{"loc":{"start":{"line":43,"column":41},"end":{"line":43,"column":70}},"type":"cond-expr","locations":[{"start":{"line":43,"column":62},"end":{"line":43,"column":66}},{"start":{"line":43,"column":69},"end":{"line":43,"column":70}}],"line":43},"2":{"loc":{"start":{"line":49,"column":4},"end":{"line":49,"column":22}},"type":"if","locations":[{"start":{"line":49,"column":4},"end":{"line":49,"column":22}},{"start":{"line":49,"column":4},"end":{"line":49,"column":22}}],"line":49},"3":{"loc":{"start":{"line":56,"column":8},"end":{"line":56,"column":52}},"type":"if","locations":[{"start":{"line":56,"column":8},"end":{"line":56,"column":52}},{"start":{"line":56,"column":8},"end":{"line":56,"column":52}}],"line":56},"4":{"loc":{"start":{"line":60,"column":2},"end":{"line":62,"column":15}},"type":"if","locations":[{"start":{"line":60,"column":2},"end":{"line":62,"column":15}},{"start":{"line":60,"column":2},"end":{"line":62,"column":15}}],"line":60},"5":{"loc":{"start":{"line":69,"column":7},"end":{"line":72,"column":10}},"type":"binary-expr","locations":[{"start":{"line":69,"column":7},"end":{"line":69,"column":11}},{"start":{"line":69,"column":15},"end":{"line":72,"column":10}}],"line":69}},"s":{"0":0,"1":0,"2":0,"3":0,"4":0,"5":0,"6":0,"7":0,"8":0,"9":0,"10":0,"11":0,"12":0,"13":0,"14":0,"15":0,"16":0,"17":0,"18":0,"19":0,"20":0,"21":0,"22":0,"23":0,"24":0,"25":0,"26":0,"27":0,"28":0,"29":0,"30":0,"31":0,"32":0},"f":{"0":0,"1":0,"2":0,"3":0,"4":0,"5":0,"6":0,"7":0,"8":0,"9":0,"10":0,"11":0,"12":0,"13":0},"b":{"0":[0,0],"1":[0,0],"2":[0,0],"3":[0,0],"4":[0,0],"5":[0,0]}}
,"/Users/ammiel/free/fullstackopen/part5/bloglist-frontend/src/index.js": {"path":"/Users/ammiel/free/fullstackopen/part5/bloglist-frontend/src/index.js","statementMap":{"0":{"start":{"line":5,"column":0},"end":{"line":5,"column":58}}},"fnMap":{},"branchMap":{},"s":{"0":0},"f":{},"b":{}}
,"/Users/ammiel/free/fullstackopen/part5/bloglist-frontend/src/components/Blog.js": {"path":"/Users/ammiel/free/fullstackopen/part5/bloglist-frontend/src/components/Blog.js","statementMap":{"0":{"start":{"line":4,"column":13},"end":{"line":64,"column":1}},"1":{"start":{"line":5,"column":32},"end":{"line":5,"column":47}},"2":{"start":{"line":7,"column":23},"end":{"line":23,"column":3}},"3":{"start":{"line":8,"column":22},"end":{"line":9,"column":76}},"4":{"start":{"line":11,"column":4},"end":{"line":11,"column":27}},"5":{"start":{"line":11,"column":20},"end":{"line":11,"column":27}},"6":{"start":{"line":12,"column":4},"end":{"line":22,"column":9}},"7":{"start":{"line":15,"column":20},"end":{"line":15,"column":42}},"8":{"start":{"line":16,"column":8},"end":{"line":16,"column":20}},"9":{"start":{"line":17,"column":8},"end":{"line":17,"column":56}},"10":{"start":{"line":17,"column":37},"end":{"line":17,"column":53}},"11":{"start":{"line":20,"column":20},"end":{"line":20,"column":66}},"12":{"start":{"line":21,"column":8},"end":{"line":21,"column":20}},"13":{"start":{"line":24,"column":21},"end":{"line":29,"column":3}},"14":{"start":{"line":32,"column":4},"end":{"line":40,"column":21}},"15":{"start":{"line":36,"column":31},"end":{"line":36,"column":47}},"16":{"start":{"line":43,"column":16},"end":{"line":47,"column":3}},"17":{"start":{"line":48,"column":24},"end":{"line":52,"column":3}},"18":{"start":{"line":54,"column":2},"end":{"line":63,"column":9}},"19":{"start":{"line":57,"column":29},"end":{"line":57,"column":49}}},"fnMap":{"0":{"name":"(anonymous_0)","decl":{"start":{"line":4,"column":13},"end":{"line":4,"column":14}},"loc":{"start":{"line":4,"column":64},"end":{"line":64,"column":1}},"line":4},"1":{"name":"(anonymous_1)","decl":{"start":{"line":7,"column":23},"end":{"line":7,"column":24}},"loc":{"start":{"line":7,"column":29},"end":{"line":23,"column":3}},"line":7},"2":{"name":"(anonymous_2)","decl":{"start":{"line":14,"column":12},"end":{"line":14,"column":13}},"loc":{"start":{"line":14,"column":22},"end":{"line":18,"column":7}},"line":14},"3":{"name":"(anonymous_3)","decl":{"start":{"line":17,"column":30},"end":{"line":17,"column":31}},"loc":{"start":{"line":17,"column":37},"end":{"line":17,"column":53}},"line":17},"4":{"name":"(anonymous_4)","decl":{"start":{"line":19,"column":13},"end":{"line":19,"column":14}},"loc":{"start":{"line":19,"column":22},"end":{"line":22,"column":7}},"line":19},"5":{"name":"(anonymous_5)","decl":{"start":{"line":36,"column":25},"end":{"line":36,"column":26}},"loc":{"start":{"line":36,"column":31},"end":{"line":36,"column":47}},"line":36},"6":{"name":"(anonymous_6)","decl":{"start":{"line":57,"column":23},"end":{"line":57,"column":24}},"loc":{"start":{"line":57,"column":29},"end":{"line":57,"column":49}},"line":57}},"branchMap":{"0":{"loc":{"start":{"line":9,"column":51},"end":{"line":9,"column":73}},"type":"binary-expr","locations":[{"start":{"line":9,"column":51},"end":{"line":9,"column":61}},{"start":{"line":9,"column":65},"end":{"line":9,"column":73}}],"line":9},"1":{"loc":{"start":{"line":11,"column":4},"end":{"line":11,"column":27}},"type":"if","locations":[{"start":{"line":11,"column":4},"end":{"line":11,"column":27}},{"start":{"line":11,"column":4},"end":{"line":11,"column":27}}],"line":11},"2":{"loc":{"start":{"line":58,"column":9},"end":{"line":58,"column":34}},"type":"cond-expr","locations":[{"start":{"line":58,"column":19},"end":{"line":58,"column":25}},{"start":{"line":58,"column":28},"end":{"line":58,"column":34}}],"line":58},"3":{"loc":{"start":{"line":62,"column":5},"end":{"line":62,"column":27}},"type":"cond-expr","locations":[{"start":{"line":62,"column":15},"end":{"line":62,"column":22}},{"start":{"line":62,"column":25},"end":{"line":62,"column":27}}],"line":62}},"s":{"0":1,"1":5,"2":5,"3":0,"4":0,"5":0,"6":0,"7":0,"8":0,"9":0,"10":0,"11":0,"12":0,"13":5,"14":5,"15":2,"16":5,"17":5,"18":5,"19":2},"f":{"0":5,"1":0,"2":0,"3":0,"4":0,"5":2,"6":2},"b":{"0":[0,0],"1":[0,0],"2":[2,3],"3":[2,3]},"_coverageSchema":"1a1c01bbd47fc00a2c39e90264f33305004495a9","hash":"cd73c44177a18efcffb3121368f9449a916f3834"}
,"/Users/ammiel/free/fullstackopen/part5/bloglist-frontend/src/components/LoginView.js": {"path":"/Users/ammiel/free/fullstackopen/part5/bloglist-frontend/src/components/LoginView.js","statementMap":{"0":{"start":{"line":5,"column":18},"end":{"line":61,"column":1}},"1":{"start":{"line":6,"column":30},"end":{"line":6,"column":35}},"2":{"start":{"line":7,"column":34},"end":{"line":7,"column":46}},"3":{"start":{"line":8,"column":34},"end":{"line":8,"column":46}},"4":{"start":{"line":10,"column":23},"end":{"line":30,"column":3}},"5":{"start":{"line":11,"column":4},"end":{"line":11,"column":23}},"6":{"start":{"line":12,"column":24},"end":{"line":15,"column":5}},"7":{"start":{"line":16,"column":4},"end":{"line":29,"column":9}},"8":{"start":{"line":19,"column":25},"end":{"line":19,"column":43}},"9":{"start":{"line":20,"column":8},"end":{"line":20,"column":26}},"10":{"start":{"line":21,"column":8},"end":{"line":21,"column":38}},"11":{"start":{"line":24,"column":24},"end":{"line":27,"column":9}},"12":{"start":{"line":28,"column":8},"end":{"line":28,"column":24}},"13":{"start":{"line":32,"column":2},"end":{"line":60,"column":4}},"14":{"start":{"line":44,"column":38},"end":{"line":44,"column":63}},"15":{"start":{"line":54,"column":38},"end":{"line":54,"column":63}}},"fnMap":{"0":{"name":"(anonymous_0)","decl":{"start":{"line":5,"column":18},"end":{"line":5,"column":19}},"loc":{"start":{"line":5,"column":29},"end":{"line":61,"column":1}},"line":5},"1":{"name":"(anonymous_1)","decl":{"start":{"line":10,"column":23},"end":{"line":10,"column":24}},"loc":{"start":{"line":10,"column":30},"end":{"line":30,"column":3}},"line":10},"2":{"name":"(anonymous_2)","decl":{"start":{"line":18,"column":12},"end":{"line":18,"column":13}},"loc":{"start":{"line":18,"column":33},"end":{"line":22,"column":7}},"line":18},"3":{"name":"(anonymous_3)","decl":{"start":{"line":23,"column":13},"end":{"line":23,"column":14}},"loc":{"start":{"line":23,"column":24},"end":{"line":29,"column":7}},"line":23},"4":{"name":"(anonymous_4)","decl":{"start":{"line":44,"column":22},"end":{"line":44,"column":23}},"loc":{"start":{"line":44,"column":38},"end":{"line":44,"column":63}},"line":44},"5":{"name":"(anonymous_5)","decl":{"start":{"line":54,"column":22},"end":{"line":54,"column":23}},"loc":{"start":{"line":54,"column":38},"end":{"line":54,"column":63}},"line":54}},"branchMap":{},"s":{"0":0,"1":0,"2":0,"3":0,"4":0,"5":0,"6":0,"7":0,"8":0,"9":0,"10":0,"11":0,"12":0,"13":0,"14":0,"15":0},"f":{"0":0,"1":0,"2":0,"3":0,"4":0,"5":0},"b":{}}
,"/Users/ammiel/free/fullstackopen/part5/bloglist-frontend/src/components/NoteForm.js": {"path":"/Users/ammiel/free/fullstackopen/part5/bloglist-frontend/src/components/NoteForm.js","statementMap":{"0":{"start":{"line":5,"column":17},"end":{"line":80,"column":1}},"1":{"start":{"line":6,"column":32},"end":{"line":6,"column":47}},"2":{"start":{"line":7,"column":28},"end":{"line":7,"column":40}},"3":{"start":{"line":8,"column":30},"end":{"line":8,"column":42}},"4":{"start":{"line":9,"column":24},"end":{"line":9,"column":36}},"5":{"start":{"line":10,"column":26},"end":{"line":10,"column":41}},"6":{"start":{"line":12,"column":23},"end":{"line":30,"column":3}},"7":{"start":{"line":13,"column":4},"end":{"line":13,"column":23}},"8":{"start":{"line":14,"column":4},"end":{"line":14,"column":24}},"9":{"start":{"line":14,"column":17},"end":{"line":14,"column":24}},"10":{"start":{"line":15,"column":21},"end":{"line":15,"column":43}},"11":{"start":{"line":16,"column":4},"end":{"line":16,"column":21}},"12":{"start":{"line":17,"column":4},"end":{"line":29,"column":40}},"13":{"start":{"line":20,"column":8},"end":{"line":20,"column":44}},"14":{"start":{"line":21,"column":24},"end":{"line":21,"column":75}},"15":{"start":{"line":22,"column":8},"end":{"line":22,"column":24}},"16":{"start":{"line":23,"column":8},"end":{"line":23,"column":21}},"17":{"start":{"line":24,"column":8},"end":{"line":24,"column":22}},"18":{"start":{"line":25,"column":8},"end":{"line":25,"column":19}},"19":{"start":{"line":26,"column":8},"end":{"line":26,"column":23}},"20":{"start":{"line":28,"column":20},"end":{"line":28,"column":42}},"21":{"start":{"line":29,"column":21},"end":{"line":29,"column":38}},"22":{"start":{"line":32,"column":2},"end":{"line":34,"column":3}},"23":{"start":{"line":33,"column":4},"end":{"line":33,"column":67}},"24":{"start":{"line":33,"column":34},"end":{"line":33,"column":47}},"25":{"start":{"line":36,"column":2},"end":{"line":79,"column":4}},"26":{"start":{"line":47,"column":38},"end":{"line":47,"column":60}},"27":{"start":{"line":57,"column":38},"end":{"line":57,"column":61}},"28":{"start":{"line":67,"column":38},"end":{"line":67,"column":58}},"29":{"start":{"line":76,"column":31},"end":{"line":76,"column":45}},"30":{"start":{"line":82,"column":0},"end":{"line":86,"column":2}}},"fnMap":{"0":{"name":"(anonymous_0)","decl":{"start":{"line":5,"column":17},"end":{"line":5,"column":18}},"loc":{"start":{"line":5,"column":50},"end":{"line":80,"column":1}},"line":5},"1":{"name":"(anonymous_1)","decl":{"start":{"line":12,"column":23},"end":{"line":12,"column":24}},"loc":{"start":{"line":12,"column":30},"end":{"line":30,"column":3}},"line":12},"2":{"name":"(anonymous_2)","decl":{"start":{"line":19,"column":13},"end":{"line":19,"column":14}},"loc":{"start":{"line":19,"column":30},"end":{"line":27,"column":7}},"line":19},"3":{"name":"(anonymous_3)","decl":{"start":{"line":28,"column":13},"end":{"line":28,"column":14}},"loc":{"start":{"line":28,"column":20},"end":{"line":28,"column":42}},"line":28},"4":{"name":"(anonymous_4)","decl":{"start":{"line":29,"column":15},"end":{"line":29,"column":16}},"loc":{"start":{"line":29,"column":21},"end":{"line":29,"column":38}},"line":29},"5":{"name":"(anonymous_5)","decl":{"start":{"line":33,"column":28},"end":{"line":33,"column":29}},"loc":{"start":{"line":33,"column":34},"end":{"line":33,"column":47}},"line":33},"6":{"name":"(anonymous_6)","decl":{"start":{"line":47,"column":22},"end":{"line":47,"column":23}},"loc":{"start":{"line":47,"column":38},"end":{"line":47,"column":60}},"line":47},"7":{"name":"(anonymous_7)","decl":{"start":{"line":57,"column":22},"end":{"line":57,"column":23}},"loc":{"start":{"line":57,"column":38},"end":{"line":57,"column":61}},"line":57},"8":{"name":"(anonymous_8)","decl":{"start":{"line":67,"column":22},"end":{"line":67,"column":23}},"loc":{"start":{"line":67,"column":38},"end":{"line":67,"column":58}},"line":67},"9":{"name":"(anonymous_9)","decl":{"start":{"line":76,"column":25},"end":{"line":76,"column":26}},"loc":{"start":{"line":76,"column":31},"end":{"line":76,"column":45}},"line":76}},"branchMap":{"0":{"loc":{"start":{"line":14,"column":4},"end":{"line":14,"column":24}},"type":"if","locations":[{"start":{"line":14,"column":4},"end":{"line":14,"column":24}},{"start":{"line":14,"column":4},"end":{"line":14,"column":24}}],"line":14},"1":{"loc":{"start":{"line":32,"column":2},"end":{"line":34,"column":3}},"type":"if","locations":[{"start":{"line":32,"column":2},"end":{"line":34,"column":3}},{"start":{"line":32,"column":2},"end":{"line":34,"column":3}}],"line":32},"2":{"loc":{"start":{"line":73,"column":20},"end":{"line":73,"column":47}},"type":"binary-expr","locations":[{"start":{"line":73,"column":20},"end":{"line":73,"column":27}},{"start":{"line":73,"column":32},"end":{"line":73,"column":38}},{"start":{"line":73,"column":42},"end":{"line":73,"column":46}}],"line":73}},"s":{"0":1,"1":15,"2":15,"3":15,"4":15,"5":15,"6":15,"7":1,"8":1,"9":0,"10":1,"11":1,"12":1,"13":0,"14":0,"15":0,"16":0,"17":0,"18":0,"19":0,"20":0,"21":0,"22":15,"23":2,"24":1,"25":13,"26":11,"27":0,"28":0,"29":0,"30":1},"f":{"0":15,"1":1,"2":0,"3":0,"4":0,"5":1,"6":11,"7":0,"8":0,"9":0},"b":{"0":[0,1],"1":[2,13],"2":[13,12,1]},"_coverageSchema":"1a1c01bbd47fc00a2c39e90264f33305004495a9","hash":"86aae11f7e21bfede803bf935c869b1738955e76"}
,"/Users/ammiel/free/fullstackopen/part5/bloglist-frontend/src/components/Notification.js": {"path":"/Users/ammiel/free/fullstackopen/part5/bloglist-frontend/src/components/Notification.js","statementMap":{"0":{"start":{"line":1,"column":21},"end":{"line":22,"column":1}},"1":{"start":{"line":2,"column":2},"end":{"line":4,"column":3}},"2":{"start":{"line":3,"column":4},"end":{"line":3,"column":16}},"3":{"start":{"line":6,"column":16},"end":{"line":15,"column":3}},"4":{"start":{"line":17,"column":2},"end":{"line":21,"column":4}}},"fnMap":{"0":{"name":"(anonymous_0)","decl":{"start":{"line":1,"column":21},"end":{"line":1,"column":22}},"loc":{"start":{"line":1,"column":38},"end":{"line":22,"column":1}},"line":1}},"branchMap":{"0":{"loc":{"start":{"line":2,"column":2},"end":{"line":4,"column":3}},"type":"if","locations":[{"start":{"line":2,"column":2},"end":{"line":4,"column":3}},{"start":{"line":2,"column":2},"end":{"line":4,"column":3}}],"line":2},"1":{"loc":{"start":{"line":10,"column":25},"end":{"line":10,"column":56}},"type":"cond-expr","locations":[{"start":{"line":10,"column":41},"end":{"line":10,"column":47}},{"start":{"line":10,"column":50},"end":{"line":10,"column":56}}],"line":10},"2":{"loc":{"start":{"line":13,"column":14},"end":{"line":13,"column":45}},"type":"cond-expr","locations":[{"start":{"line":13,"column":30},"end":{"line":13,"column":36}},{"start":{"line":13,"column":39},"end":{"line":13,"column":45}}],"line":13}},"s":{"0":0,"1":0,"2":0,"3":0,"4":0},"f":{"0":0},"b":{"0":[0,0],"1":[0,0],"2":[0,0]}}
,"/Users/ammiel/free/fullstackopen/part5/bloglist-frontend/src/services/blogs.js": {"path":"/Users/ammiel/free/fullstackopen/part5/bloglist-frontend/src/services/blogs.js","statementMap":{"0":{"start":{"line":4,"column":16},"end":{"line":4,"column":28}},"1":{"start":{"line":5,"column":0},"end":{"line":11,"column":3}},"2":{"start":{"line":6,"column":15},"end":{"line":6,"column":36}},"3":{"start":{"line":7,"column":2},"end":{"line":7,"column":27}},"4":{"start":{"line":7,"column":13},"end":{"line":7,"column":27}},"5":{"start":{"line":9,"column":2},"end":{"line":9,"column":56}},"6":{"start":{"line":10,"column":2},"end":{"line":10,"column":16}},"7":{"start":{"line":13,"column":15},"end":{"line":16,"column":1}},"8":{"start":{"line":14,"column":18},"end":{"line":14,"column":36}},"9":{"start":{"line":15,"column":2},"end":{"line":15,"column":54}},"10":{"start":{"line":15,"column":34},"end":{"line":15,"column":52}},"11":{"start":{"line":18,"column":12},"end":{"line":22,"column":1}},"12":{"start":{"line":19,"column":2},"end":{"line":21,"column":34}},"13":{"start":{"line":21,"column":19},"end":{"line":21,"column":32}},"14":{"start":{"line":24,"column":15},"end":{"line":28,"column":1}},"15":{"start":{"line":25,"column":2},"end":{"line":27,"column":34}},"16":{"start":{"line":27,"column":19},"end":{"line":27,"column":32}},"17":{"start":{"line":30,"column":15},"end":{"line":34,"column":1}},"18":{"start":{"line":31,"column":2},"end":{"line":33,"column":29}},"19":{"start":{"line":33,"column":19},"end":{"line":33,"column":27}},"20":{"start":{"line":36,"column":20},"end":{"line":36,"column":51}}},"fnMap":{"0":{"name":"(anonymous_0)","decl":{"start":{"line":5,"column":31},"end":{"line":5,"column":32}},"loc":{"start":{"line":5,"column":43},"end":{"line":11,"column":1}},"line":5},"1":{"name":"(anonymous_1)","decl":{"start":{"line":13,"column":15},"end":{"line":13,"column":16}},"loc":{"start":{"line":13,"column":21},"end":{"line":16,"column":1}},"line":13},"2":{"name":"(anonymous_2)","decl":{"start":{"line":15,"column":22},"end":{"line":15,"column":23}},"loc":{"start":{"line":15,"column":34},"end":{"line":15,"column":52}},"line":15},"3":{"name":"(anonymous_3)","decl":{"start":{"line":18,"column":12},"end":{"line":18,"column":13}},"loc":{"start":{"line":18,"column":25},"end":{"line":22,"column":1}},"line":18},"4":{"name":"(anonymous_4)","decl":{"start":{"line":21,"column":10},"end":{"line":21,"column":11}},"loc":{"start":{"line":21,"column":19},"end":{"line":21,"column":32}},"line":21},"5":{"name":"(anonymous_5)","decl":{"start":{"line":24,"column":15},"end":{"line":24,"column":16}},"loc":{"start":{"line":24,"column":31},"end":{"line":28,"column":1}},"line":24},"6":{"name":"(anonymous_6)","decl":{"start":{"line":27,"column":10},"end":{"line":27,"column":11}},"loc":{"start":{"line":27,"column":19},"end":{"line":27,"column":32}},"line":27},"7":{"name":"(anonymous_7)","decl":{"start":{"line":30,"column":15},"end":{"line":30,"column":16}},"loc":{"start":{"line":30,"column":23},"end":{"line":34,"column":1}},"line":30},"8":{"name":"(anonymous_8)","decl":{"start":{"line":33,"column":10},"end":{"line":33,"column":11}},"loc":{"start":{"line":33,"column":19},"end":{"line":33,"column":27}},"line":33}},"branchMap":{"0":{"loc":{"start":{"line":7,"column":2},"end":{"line":7,"column":27}},"type":"if","locations":[{"start":{"line":7,"column":2},"end":{"line":7,"column":27}},{"start":{"line":7,"column":2},"end":{"line":7,"column":27}}],"line":7}},"s":{"0":1,"1":1,"2":0,"3":0,"4":0,"5":0,"6":0,"7":1,"8":0,"9":0,"10":0,"11":1,"12":0,"13":0,"14":1,"15":0,"16":0,"17":1,"18":0,"19":0,"20":1},"f":{"0":0,"1":0,"2":0,"3":0,"4":0,"5":0,"6":0,"7":0,"8":0},"b":{"0":[0,0]},"_coverageSchema":"1a1c01bbd47fc00a2c39e90264f33305004495a9","hash":"96433a2197d28d16a493948c8a12da9c79da4811"}
,"/Users/ammiel/free/fullstackopen/part5/bloglist-frontend/src/services/login.js": {"path":"/Users/ammiel/free/fullstackopen/part5/bloglist-frontend/src/services/login.js","statementMap":{"0":{"start":{"line":2,"column":16},"end":{"line":2,"column":24}},"1":{"start":{"line":4,"column":14},"end":{"line":8,"column":1}},"2":{"start":{"line":5,"column":2},"end":{"line":7,"column":34}},"3":{"start":{"line":7,"column":19},"end":{"line":7,"column":32}},"4":{"start":{"line":10,"column":21},"end":{"line":12,"column":1}}},"fnMap":{"0":{"name":"(anonymous_0)","decl":{"start":{"line":4,"column":14},"end":{"line":4,"column":15}},"loc":{"start":{"line":4,"column":31},"end":{"line":8,"column":1}},"line":4},"1":{"name":"(anonymous_1)","decl":{"start":{"line":7,"column":10},"end":{"line":7,"column":11}},"loc":{"start":{"line":7,"column":19},"end":{"line":7,"column":32}},"line":7}},"branchMap":{},"s":{"0":0,"1":0,"2":0,"3":0,"4":0},"f":{"0":0,"1":0},"b":{}}
,"/Users/ammiel/free/fullstackopen/part5/bloglist-frontend/src/utils/session-data.js": {"path":"/Users/ammiel/free/fullstackopen/part5/bloglist-frontend/src/utils/session-data.js","statementMap":{"0":{"start":{"line":1,"column":16},"end":{"line":8,"column":1}},"1":{"start":{"line":2,"column":2},"end":{"line":7,"column":3}},"2":{"start":{"line":3,"column":4},"end":{"line":3,"column":52}},"3":{"start":{"line":5,"column":4},"end":{"line":5,"column":37}},"4":{"start":{"line":6,"column":4},"end":{"line":6,"column":16}},"5":{"start":{"line":10,"column":16},"end":{"line":13,"column":1}},"6":{"start":{"line":11,"column":21},"end":{"line":11,"column":40}},"7":{"start":{"line":12,"column":2},"end":{"line":12,"column":43}},"8":{"start":{"line":15,"column":18},"end":{"line":17,"column":1}},"9":{"start":{"line":16,"column":2},"end":{"line":16,"column":34}},"10":{"start":{"line":19,"column":20},"end":{"line":23,"column":1}}},"fnMap":{"0":{"name":"(anonymous_0)","decl":{"start":{"line":1,"column":16},"end":{"line":1,"column":17}},"loc":{"start":{"line":1,"column":22},"end":{"line":8,"column":1}},"line":1},"1":{"name":"(anonymous_1)","decl":{"start":{"line":10,"column":16},"end":{"line":10,"column":17}},"loc":{"start":{"line":10,"column":25},"end":{"line":13,"column":1}},"line":10},"2":{"name":"(anonymous_2)","decl":{"start":{"line":15,"column":18},"end":{"line":15,"column":19}},"loc":{"start":{"line":15,"column":24},"end":{"line":17,"column":1}},"line":15}},"branchMap":{},"s":{"0":1,"1":0,"2":0,"3":0,"4":0,"5":1,"6":0,"7":0,"8":1,"9":0,"10":1},"f":{"0":0,"1":0,"2":0},"b":{},"_coverageSchema":"1a1c01bbd47fc00a2c39e90264f33305004495a9","hash":"becbb668f0db0fa62b1adfd4a8baeb1c348d9953"}
}
