TN:
SF:src/App.js
FN:11,(anonymous_0)
FN:16,(anonymous_1)
FN:18,(anonymous_2)
FN:22,(anonymous_3)
FN:24,(anonymous_4)
FN:29,(anonymous_5)
FN:34,(anonymous_6)
FN:42,(anonymous_7)
FN:43,(anonymous_8)
FN:45,(anonymous_9)
FN:48,(anonymous_10)
FN:52,(anonymous_11)
FN:55,(anonymous_12)
FN:80,(anonymous_13)
FNF:14
FNH:0
FNDA:0,(anonymous_0)
FNDA:0,(anonymous_1)
FNDA:0,(anonymous_2)
FNDA:0,(anonymous_3)
FNDA:0,(anonymous_4)
FNDA:0,(anonymous_5)
FNDA:0,(anonymous_6)
FNDA:0,(anonymous_7)
FNDA:0,(anonymous_8)
FNDA:0,(anonymous_9)
FNDA:0,(anonymous_10)
FNDA:0,(anonymous_11)
FNDA:0,(anonymous_12)
FNDA:0,(anonymous_13)
DA:11,0
DA:12,0
DA:13,0
DA:14,0
DA:16,0
DA:17,0
DA:18,0
DA:19,0
DA:22,0
DA:23,0
DA:24,0
DA:25,0
DA:29,0
DA:30,0
DA:31,0
DA:34,0
DA:35,0
DA:40,0
DA:43,0
DA:45,0
DA:48,0
DA:49,0
DA:50,0
DA:53,0
DA:56,0
DA:60,0
DA:64,0
DA:81,0
LF:28
LH:0
BRDA:13,0,0,0
BRDA:13,0,1,0
BRDA:43,1,0,0
BRDA:43,1,1,0
BRDA:49,2,0,0
BRDA:49,2,1,0
BRDA:56,3,0,0
BRDA:56,3,1,0
BRDA:60,4,0,0
BRDA:60,4,1,0
BRDA:69,5,0,0
BRDA:69,5,1,0
BRF:12
BRH:0
end_of_record
TN:
SF:src/index.js
FNF:0
FNH:0
DA:5,0
LF:1
LH:0
BRF:0
BRH:0
end_of_record
TN:
SF:src/components/Blog.js
FN:4,(anonymous_0)
FN:7,(anonymous_1)
FN:14,(anonymous_2)
FN:17,(anonymous_3)
FN:19,(anonymous_4)
FN:36,(anonymous_5)
FN:57,(anonymous_6)
FNF:7
FNH:3
FNDA:5,(anonymous_0)
FNDA:0,(anonymous_1)
FNDA:0,(anonymous_2)
FNDA:0,(anonymous_3)
FNDA:0,(anonymous_4)
FNDA:2,(anonymous_5)
FNDA:2,(anonymous_6)
DA:4,1
DA:5,5
DA:7,5
DA:8,0
DA:11,0
DA:12,0
DA:15,0
DA:16,0
DA:17,0
DA:20,0
DA:21,0
DA:24,5
DA:32,5
DA:36,2
DA:43,5
DA:48,5
DA:54,5
DA:57,2
LF:18
LH:10
BRDA:9,0,0,0
BRDA:9,0,1,0
BRDA:11,1,0,0
BRDA:11,1,1,0
BRDA:58,2,0,2
BRDA:58,2,1,3
BRDA:62,3,0,2
BRDA:62,3,1,3
BRF:8
BRH:4
end_of_record
TN:
SF:src/components/LoginView.js
FN:5,(anonymous_0)
FN:10,(anonymous_1)
FN:18,(anonymous_2)
FN:23,(anonymous_3)
FN:44,(anonymous_4)
FN:54,(anonymous_5)
FNF:6
FNH:0
FNDA:0,(anonymous_0)
FNDA:0,(anonymous_1)
FNDA:0,(anonymous_2)
FNDA:0,(anonymous_3)
FNDA:0,(anonymous_4)
FNDA:0,(anonymous_5)
DA:5,0
DA:6,0
DA:7,0
DA:8,0
DA:10,0
DA:11,0
DA:12,0
DA:16,0
DA:19,0
DA:20,0
DA:21,0
DA:24,0
DA:28,0
DA:32,0
DA:44,0
DA:54,0
LF:16
LH:0
BRF:0
BRH:0
end_of_record
TN:
SF:src/components/NoteForm.js
FN:5,(anonymous_0)
FN:12,(anonymous_1)
FN:19,(anonymous_2)
FN:28,(anonymous_3)
FN:29,(anonymous_4)
FN:33,(anonymous_5)
FN:47,(anonymous_6)
FN:57,(anonymous_7)
FN:67,(anonymous_8)
FN:76,(anonymous_9)
FNF:10
FNH:4
FNDA:15,(anonymous_0)
FNDA:1,(anonymous_1)
FNDA:0,(anonymous_2)
FNDA:0,(anonymous_3)
FNDA:0,(anonymous_4)
FNDA:1,(anonymous_5)
FNDA:11,(anonymous_6)
FNDA:0,(anonymous_7)
FNDA:0,(anonymous_8)
FNDA:0,(anonymous_9)
DA:5,1
DA:6,15
DA:7,15
DA:8,15
DA:9,15
DA:10,15
DA:12,15
DA:13,1
DA:14,1
DA:15,1
DA:16,1
DA:17,1
DA:20,0
DA:21,0
DA:22,0
DA:23,0
DA:24,0
DA:25,0
DA:26,0
DA:28,0
DA:29,0
DA:32,15
DA:33,2
DA:36,13
DA:47,11
DA:57,0
DA:67,0
DA:76,0
DA:82,1
LF:29
LH:17
BRDA:14,0,0,0
BRDA:14,0,1,1
BRDA:32,1,0,2
BRDA:32,1,1,13
BRDA:73,2,0,13
BRDA:73,2,1,12
BRDA:73,2,2,1
BRF:7
BRH:6
end_of_record
TN:
SF:src/components/Notification.js
FN:1,(anonymous_0)
FNF:1
FNH:0
FNDA:0,(anonymous_0)
DA:1,0
DA:2,0
DA:3,0
DA:6,0
DA:17,0
LF:5
LH:0
BRDA:2,0,0,0
BRDA:2,0,1,0
BRDA:10,1,0,0
BRDA:10,1,1,0
BRDA:13,2,0,0
BRDA:13,2,1,0
BRF:6
BRH:0
end_of_record
TN:
SF:src/services/blogs.js
FN:5,(anonymous_0)
FN:13,(anonymous_1)
FN:15,(anonymous_2)
FN:18,(anonymous_3)
FN:21,(anonymous_4)
FN:24,(anonymous_5)
FN:27,(anonymous_6)
FN:30,(anonymous_7)
FN:33,(anonymous_8)
FNF:9
FNH:0
FNDA:0,(anonymous_0)
FNDA:0,(anonymous_1)
FNDA:0,(anonymous_2)
FNDA:0,(anonymous_3)
FNDA:0,(anonymous_4)
FNDA:0,(anonymous_5)
FNDA:0,(anonymous_6)
FNDA:0,(anonymous_7)
FNDA:0,(anonymous_8)
DA:4,1
DA:5,1
DA:6,0
DA:7,0
DA:9,0
DA:10,0
DA:13,1
DA:14,0
DA:15,0
DA:18,1
DA:19,0
DA:21,0
DA:24,1
DA:25,0
DA:27,0
DA:30,1
DA:31,0
DA:33,0
DA:36,1
LF:19
LH:7
BRDA:7,0,0,0
BRDA:7,0,1,0
BRF:2
BRH:0
end_of_record
TN:
SF:src/services/login.js
FN:4,(anonymous_0)
FN:7,(anonymous_1)
FNF:2
FNH:0
FNDA:0,(anonymous_0)
FNDA:0,(anonymous_1)
DA:2,0
DA:4,0
DA:5,0
DA:7,0
DA:10,0
LF:5
LH:0
BRF:0
BRH:0
end_of_record
TN:
SF:src/utils/session-data.js
FN:1,(anonymous_0)
FN:10,(anonymous_1)
FN:15,(anonymous_2)
FNF:3
FNH:0
FNDA:0,(anonymous_0)
FNDA:0,(anonymous_1)
FNDA:0,(anonymous_2)
DA:1,1
DA:2,0
DA:3,0
DA:5,0
DA:6,0
DA:10,1
DA:11,0
DA:12,0
DA:15,1
DA:16,0
DA:19,1
LF:11
LH:4
BRF:0
BRH:0
end_of_record
